<?xml version="1.0" encoding="UTF-8"?>
<!-- Generated by org.testng.reporters.JUnitXMLReporter -->
<testsuite ignored="0" hostname="LAPTOP-SHETTY" failures="0" tests="3" name="Test" time="29.476" errors="0" timestamp="2023-02-01T09:38:58 IST">
  <testcase classname="Selenium.readPDFTest" name="main" time="2.083"/>
  <testcase classname="Selenium.SeleniumGithubTest" name="main" time="25.282"/>
  <testcase classname="Selenium.LaunchBrowserTest" name="main" time="1.912"/>
</testsuite> <!-- Test -->
