<?xml version="1.0" encoding="UTF-8"?>
<!-- Generated by org.testng.reporters.JUnitXMLReporter -->
<testsuite ignored="0" hostname="LAPTOP-SHETTY" failures="0" tests="3" name="Test" time="35.47" errors="0" timestamp="2023-02-01T09:52:35 IST">
  <testcase classname="Selenium.readPDFTest" name="main" time="2.024"/>
  <testcase classname="Selenium.LaunchBrowserTest" name="main" time="5.309"/>
  <testcase classname="Selenium.SeleniumGithubtest" name="main" time="28.009"/>
</testsuite> <!-- Test -->
