<?xml version="1.0" encoding="UTF-8"?>
<!-- Generated by org.testng.reporters.JUnitXMLReporter -->
<testsuite ignored="3" hostname="LAPTOP-SHETTY" failures="0" tests="0" time="0.022" errors="0" timestamp="2023-01-30T14:29:50 IST">
  <testcase classname="Practice125.TestScript4" name="testscript" time="0.0">
    <ignored/>
  </testcase> <!-- testscript -->
  <testcase classname="Practice125.TestScript2" name="sample" time="0.0">
    <ignored/>
  </testcase> <!-- sample -->
  <testcase classname="Practice125.TestScript3" name="testscript" time="0.0">
    <ignored/>
  </testcase> <!-- testscript -->
</testsuite>
