<?xml version="1.0" encoding="UTF-8"?>
<testng-results ignored="0" total="1" passed="1" failed="0" skipped="0">
  <reporter-output>
  </reporter-output>
  <suite started-at="2023-02-04T16:09:05 IST" name="Suite" finished-at="2023-02-04T16:09:09 IST" duration-ms="4175">
    <groups>
    </groups>
    <test started-at="2023-02-04T16:09:05 IST" name="Test" finished-at="2023-02-04T16:09:09 IST" duration-ms="4175">
      <class name="DataDriven.ksjhdgv">
        <test-method is-config="true" signature="BeforeSuite()[pri:0, instance:DataDriven.ksjhdgv@6babf3bf]" started-at="2023-02-04T16:09:05 IST" name="BeforeSuite" finished-at="2023-02-04T16:09:05 IST" duration-ms="15" status="PASS">
          <reporter-output>
          </reporter-output>
        </test-method> <!-- BeforeSuite -->
        <test-method is-config="true" signature="BeforeTest()[pri:0, instance:DataDriven.ksjhdgv@6babf3bf]" started-at="2023-02-04T16:09:05 IST" name="BeforeTest" finished-at="2023-02-04T16:09:05 IST" duration-ms="0" status="PASS">
          <reporter-output>
          </reporter-output>
        </test-method> <!-- BeforeTest -->
        <test-method is-config="true" signature="BeforeClass()[pri:0, instance:DataDriven.ksjhdgv@6babf3bf]" started-at="2023-02-04T16:09:06 IST" name="BeforeClass" finished-at="2023-02-04T16:09:06 IST" duration-ms="1" status="PASS">
          <reporter-output>
          </reporter-output>
        </test-method> <!-- BeforeClass -->
        <test-method signature="test()[pri:0, instance:DataDriven.ksjhdgv@6babf3bf]" started-at="2023-02-04T16:09:08 IST" name="test" finished-at="2023-02-04T16:09:08 IST" duration-ms="11" status="PASS">
          <reporter-output>
          </reporter-output>
        </test-method> <!-- test -->
        <test-method is-config="true" signature="AfterMethod()[pri:0, instance:DataDriven.ksjhdgv@6babf3bf]" started-at="2023-02-04T16:09:08 IST" name="AfterMethod" finished-at="2023-02-04T16:09:08 IST" duration-ms="1" status="PASS">
          <reporter-output>
          </reporter-output>
        </test-method> <!-- AfterMethod -->
        <test-method is-config="true" signature="afterclass()[pri:0, instance:DataDriven.ksjhdgv@6babf3bf]" started-at="2023-02-04T16:09:08 IST" name="afterclass" finished-at="2023-02-04T16:09:09 IST" duration-ms="1258" status="PASS">
          <reporter-output>
          </reporter-output>
        </test-method> <!-- afterclass -->
        <test-method is-config="true" signature="aftertest()[pri:0, instance:DataDriven.ksjhdgv@6babf3bf]" started-at="2023-02-04T16:09:09 IST" name="aftertest" finished-at="2023-02-04T16:09:09 IST" duration-ms="1" status="PASS">
          <reporter-output>
          </reporter-output>
        </test-method> <!-- aftertest -->
        <test-method is-config="true" signature="Aftersuit()[pri:0, instance:DataDriven.ksjhdgv@6babf3bf]" started-at="2023-02-04T16:09:13 IST" name="Aftersuit" finished-at="2023-02-04T16:09:13 IST" duration-ms="1" status="PASS">
          <reporter-output>
          </reporter-output>
        </test-method> <!-- Aftersuit -->
      </class> <!-- DataDriven.ksjhdgv -->
    </test> <!-- Test -->
  </suite> <!-- Suite -->
</testng-results>
