<?xml version="1.0" encoding="UTF-8"?>
<testng-results ignored="0" total="3" passed="3" failed="0" skipped="0">
  <reporter-output>
  </reporter-output>
  <suite started-at="2023-02-01T09:52:00 IST" name="Suite" finished-at="2023-02-01T09:52:35 IST" duration-ms="35470">
    <groups>
    </groups>
    <test started-at="2023-02-01T09:52:00 IST" name="Test" finished-at="2023-02-01T09:52:35 IST" duration-ms="35470">
      <class name="Selenium.SeleniumGithubtest">
        <test-method signature="main()[pri:0, instance:Selenium.SeleniumGithubtest@2ea41516]" started-at="2023-02-01T09:52:07 IST" name="main" finished-at="2023-02-01T09:52:35 IST" duration-ms="28009" status="PASS">
          <reporter-output>
          </reporter-output>
        </test-method> <!-- main -->
      </class> <!-- Selenium.SeleniumGithubtest -->
      <class name="Selenium.LaunchBrowserTest">
        <test-method signature="main()[pri:0, instance:Selenium.LaunchBrowserTest@3ee37e5a]" started-at="2023-02-01T09:52:02 IST" name="main" finished-at="2023-02-01T09:52:07 IST" duration-ms="5309" status="PASS">
          <reporter-output>
          </reporter-output>
        </test-method> <!-- main -->
      </class> <!-- Selenium.LaunchBrowserTest -->
      <class name="Selenium.readPDFTest">
        <test-method signature="main()[pri:0, instance:Selenium.readPDFTest@25fb8912]" started-at="2023-02-01T09:52:00 IST" name="main" finished-at="2023-02-01T09:52:02 IST" duration-ms="2024" status="PASS">
          <reporter-output>
          </reporter-output>
        </test-method> <!-- main -->
      </class> <!-- Selenium.readPDFTest -->
    </test> <!-- Test -->
  </suite> <!-- Suite -->
</testng-results>
