<?xml version="1.0" encoding="UTF-8"?>
<testng-results ignored="0" total="1" passed="1" failed="0" skipped="0">
  <reporter-output>
    <line>
      <![CDATA[url launched]]>
    </line>
    <line>
      <![CDATA[Application logedin]]>
    </line>
    <line>
      <![CDATA[Application Loggedout]]>
    </line>
    <line>
      <![CDATA[Application Loggedout]]>
    </line>
    <line>
      <![CDATA[Browser closed]]>
    </line>
  </reporter-output>
  <suite started-at="2023-02-01T15:49:24 IST" name="Default suite" finished-at="2023-02-01T15:49:35 IST" duration-ms="11251">
    <groups>
    </groups>
    <test started-at="2023-02-01T15:49:24 IST" name="Default test" finished-at="2023-02-01T15:49:35 IST" duration-ms="11251">
      <class name="com.DemoWebShop.TestScript.TestScript_1">
        <test-method is-config="true" signature="launchBrowsere()[pri:0, instance:com.DemoWebShop.TestScript.TestScript_1@212b5695]" started-at="2023-02-01T15:49:24 IST" name="launchBrowsere" finished-at="2023-02-01T15:49:31 IST" duration-ms="7348" status="PASS">
          <reporter-output>
            <line>
              <![CDATA[url launched]]>
            </line>
          </reporter-output>
        </test-method> <!-- launchBrowsere -->
        <test-method is-config="true" signature="login()[pri:0, instance:com.DemoWebShop.TestScript.TestScript_1@212b5695]" started-at="2023-02-01T15:49:31 IST" name="login" finished-at="2023-02-01T15:49:33 IST" duration-ms="2320" status="PASS">
          <reporter-output>
            <line>
              <![CDATA[Application logedin]]>
            </line>
          </reporter-output>
        </test-method> <!-- login -->
        <test-method signature="main()[pri:0, instance:com.DemoWebShop.TestScript.TestScript_1@212b5695]" started-at="2023-02-01T15:49:33 IST" name="main" finished-at="2023-02-01T15:49:33 IST" duration-ms="28" status="PASS">
          <reporter-output>
          </reporter-output>
        </test-method> <!-- main -->
        <test-method is-config="true" signature="logout()[pri:0, instance:com.DemoWebShop.TestScript.TestScript_1@212b5695]" started-at="2023-02-01T15:49:33 IST" name="logout" finished-at="2023-02-01T15:49:34 IST" duration-ms="984" status="PASS">
          <reporter-output>
            <line>
              <![CDATA[Application Loggedout]]>
            </line>
            <line>
              <![CDATA[Application Loggedout]]>
            </line>
          </reporter-output>
        </test-method> <!-- logout -->
        <test-method is-config="true" signature="closeBrowser()[pri:0, instance:com.DemoWebShop.TestScript.TestScript_1@212b5695]" started-at="2023-02-01T15:49:34 IST" name="closeBrowser" finished-at="2023-02-01T15:49:35 IST" duration-ms="494" status="PASS">
          <reporter-output>
            <line>
              <![CDATA[Browser closed]]>
            </line>
          </reporter-output>
        </test-method> <!-- closeBrowser -->
      </class> <!-- com.DemoWebShop.TestScript.TestScript_1 -->
    </test> <!-- Default test -->
  </suite> <!-- Default suite -->
</testng-results>
