<?xml version="1.0" encoding="UTF-8"?>
<testng-results ignored="0" total="1" passed="1" failed="0" skipped="0">
  <reporter-output>
  </reporter-output>
  <suite started-at="2023-02-01T12:08:08 IST" name="Default suite" finished-at="2023-02-01T12:08:24 IST" duration-ms="15476">
    <groups>
    </groups>
    <test started-at="2023-02-01T12:08:08 IST" name="Default test" finished-at="2023-02-01T12:08:24 IST" duration-ms="15476">
      <class name="Selenium.PDFReadMavenTest">
        <test-method signature="certificate()[pri:0, instance:Selenium.PDFReadMavenTest@6283d8b8]" started-at="2023-02-01T12:08:08 IST" name="certificate" finished-at="2023-02-01T12:08:24 IST" duration-ms="15366" status="PASS">
          <reporter-output>
          </reporter-output>
        </test-method> <!-- certificate -->
      </class> <!-- Selenium.PDFReadMavenTest -->
    </test> <!-- Default test -->
  </suite> <!-- Default suite -->
</testng-results>
